{"/Users/leminhhoang/Downloads/Training/react-training/practice-two/src/core/helpers/search-helper.tsx": {"path":"/Users/leminhhoang/Downloads/Training/react-training/practice-two/src/core/helpers/search-helper.tsx","statementMap":{"0":{"start":{"line":4,"column":2},"end":{"line":4,"column":69}},"1":{"start":{"line":3,"column":0},"end":{"line":3,"column":16}}},"fnMap":{"0":{"name":"searching","decl":{"start":{"line":3,"column":16},"end":{"line":3,"column":25}},"loc":{"start":{"line":3,"column":57},"end":{"line":5,"column":1}}}},"branchMap":{},"s":{"0":2,"1":1},"f":{"0":2},"b":{}}
}
