{"D:\\Training\\react-training\\practice-two\\src\\components\\Button\\index.tsx": {"path":"D:\\Training\\react-training\\practice-two\\src\\components\\Button\\index.tsx","statementMap":{"0":{"start":{"line":1,"column":0},"end":{"line":1,"column":29}},"1":{"start":{"line":2,"column":0},"end":{"line":2,"column":22}},"2":{"start":{"line":11,"column":2},"end":{"line":15,"column":4}},"3":{"start":{"line":18,"column":0},"end":{"line":18,"column":28}}},"fnMap":{"0":{"name":"Button","decl":{"start":{"line":10,"column":9},"end":{"line":10,"column":15}},"loc":{"start":{"line":10,"column":58},"end":{"line":16,"column":1}}}},"branchMap":{},"s":{"0":1,"1":1,"2":2,"3":1},"f":{"0":2},"b":{}}
}
