TN:
SF:src\components\Button\index.tsx
FN:10,Button
FNF:1
FNH:1
FNDA:12,Button
DA:1,2
DA:2,2
DA:11,12
DA:18,2
LF:4
LH:4
BRF:0
BRH:0
end_of_record
TN:
SF:src\core\constants\api-url.tsx
FNF:0
FNH:0
DA:1,1
LF:1
LH:1
BRF:0
BRH:0
end_of_record
TN:
SF:src\core\constants\modal-information.tsx
FNF:0
FNH:0
DA:1,1
LF:1
LH:1
BRF:0
BRH:0
end_of_record
TN:
SF:src\core\constants\validate.tsx
FNF:0
FNH:0
DA:1,1
LF:1
LH:1
BRF:0
BRH:0
end_of_record
TN:
SF:src\services\index.tsx
FN:14,remoteFetchByUrl
FN:24,getAllUsers
FN:30,addUser
FN:36,updateUser
FN:43,deleteUser
FNF:5
FNH:2
FNDA:1,remoteFetchByUrl
FNDA:0,getAllUsers
FNDA:0,addUser
FNDA:1,updateUser
FNDA:0,deleteUser
DA:1,1
DA:4,1
DA:15,1
DA:24,1
DA:25,0
DA:27,0
DA:30,1
DA:31,0
DA:33,0
DA:36,1
DA:37,1
DA:38,1
DA:40,0
DA:43,1
DA:44,0
DA:46,0
LF:16
LH:9
BRF:0
BRH:0
end_of_record
